<?xml version="1.0" encoding="UTF-8"?>
<!-- Generated by org.testng.reporters.JUnitReportReporter -->
<testsuite hostname="04927A-ASANGWAN" failures="0" tests="9" name="testLib.LoginPageTests" time="9.492" errors="0" timestamp="24 Jul 2018 00:04:54 GMT">
  <testcase classname="testLib.LoginPageTests" name="loginWithInvalidCredentialsTest" time="0.653"/>
  <testcase classname="testLib.LoginPageTests" name="loginWithUnregisteredCredentialsTest" time="0.689"/>
  <testcase classname="testLib.LoginPageTests" name="verifyPrivacyPolicyLinkTest" time="1.400"/>
  <testcase classname="testLib.LoginPageTests" name="navigateToLoginTest" time="0.932"/>
  <testcase classname="testLib.LoginPageTests" name="loginWithEmptyCredentialsTest" time="0.326"/>
  <testcase classname="testLib.LoginPageTests" name="loginWithValidCredentialsTest" time="1.479"/>
  <testcase classname="testLib.LoginPageTests" name="verifyTermsAndConditionsLinkTest" time="0.860"/>
  <testcase classname="testLib.LoginPageTests" name="verifyForgotPasswordLinkTest" time="0.641"/>
  <testcase classname="testLib.LoginPageTests" name="verifySignUpLinkTest" time="2.512"/>
</testsuite> <!-- testLib.LoginPageTests -->
