<?xml version="1.0" encoding="UTF-8"?>
<!-- Generated by org.testng.reporters.JUnitReportReporter -->
<testsuite hostname="04927A-ASANGWAN" failures="0" tests="1" name="testLib.LoginTests" time="0.001" errors="0" timestamp="23 Jul 2018 20:51:28 GMT">
  <testcase classname="testLib.LoginTests" name="browserLaunch" time="0.001"/>
</testsuite> <!-- testLib.LoginTests -->
