<?xml version="1.0" encoding="UTF-8"?>
<!-- Generated by org.testng.reporters.JUnitReportReporter -->
<testsuite hostname="04927A-ASANGWAN" failures="0" tests="1" name="pageLib.HomePage" time="0.010" errors="0" timestamp="23 Jul 2018 18:46:49 GMT">
  <testcase classname="pageLib.HomePage" name="sampleTest" time="0.010"/>
</testsuite> <!-- pageLib.HomePage -->
