<?xml version="1.0" encoding="UTF-8"?>
<!-- Generated by org.testng.reporters.JUnitReportReporter -->
<testsuite hostname="04927A-ASANGWAN" failures="0" tests="4" name="testLib.HomePageTests" time="2.997" errors="0" timestamp="24 Jul 2018 00:04:54 GMT">
  <testcase classname="testLib.HomePageTests" name="LoginButtonFunctionalityTest" time="1.060"/>
  <testcase classname="testLib.HomePageTests" name="NavigateBackToHomePageTest" time="1.795"/>
  <testcase classname="testLib.HomePageTests" name="LoginButtonEnabledTest" time="0.098"/>
  <testcase classname="testLib.HomePageTests" name="LoginButtonDisplayedTest" time="0.044"/>
</testsuite> <!-- testLib.HomePageTests -->
