<?xml version="1.0" encoding="UTF-8"?>
<!-- Generated by org.testng.reporters.JUnitReportReporter -->
<testsuite hostname="04927A-ASANGWAN" failures="0" tests="4" name="testLib.HomePageTests" time="1.826" errors="0" timestamp="24 Jul 2018 00:29:02 GMT">
  <testcase classname="testLib.HomePageTests" name="LoginButtonFunctionalityTest" time="1.017"/>
  <testcase classname="testLib.HomePageTests" name="LoginButtonEnabledTest" time="0.074"/>
  <testcase classname="testLib.HomePageTests" name="LoginButtonDisplayedTest" time="0.025"/>
  <testcase classname="testLib.HomePageTests" name="NavigateBackToHomePageTest" time="0.710"/>
</testsuite> <!-- testLib.HomePageTests -->
