<?xml version="1.0" encoding="UTF-8"?>
<!-- Generated by org.testng.reporters.JUnitReportReporter -->
<testsuite hostname="04927A-ASANGWAN" failures="0" tests="1" name="testLib.LoginTests" time="0.006" errors="0" timestamp="23 Jul 2018 18:53:50 GMT">
  <testcase classname="testLib.LoginTests" name="browserLaunch" time="0.006"/>
</testsuite> <!-- testLib.LoginTests -->
